This is pdfTeX, Version 3.141592653-2.6-1.40.22 (TeX Live 2021/Arch Linux) (preloaded format=pdflatex 2021.8.7)  22 SEP 2021 16:07
entering extended mode
 restricted \write18 enabled.
 file:line:error style messages enabled.
 %&-line parsing enabled.
**Markovketten-Skript.tex
(./Markovketten-Skript.tex
LaTeX2e <2020-10-01> patch level 4
L3 programming layer <2021-02-18> (/usr/share/texmf-dist/tex/latex/koma-script/scrartcl.cls
Document Class: scrartcl 2021/03/17 v3.33 KOMA-Script document class (article)
(/usr/share/texmf-dist/tex/latex/koma-script/scrkbase.sty
Package: scrkbase 2021/03/17 v3.33 KOMA-Script package (KOMA-Script-dependent basics and keyval usage)
 (/usr/share/texmf-dist/tex/latex/koma-script/scrbase.sty
Package: scrbase 2021/03/17 v3.33 KOMA-Script package (KOMA-Script-independent basics and keyval usage)
 (/usr/share/texmf-dist/tex/latex/koma-script/scrlfile.sty
Package: scrlfile 2021/03/17 v3.33 KOMA-Script package (file load hooks)
 (/usr/share/texmf-dist/tex/latex/koma-script/scrlfile-hook.sty
Package: scrlfile-hook 2021/03/17 v3.33 KOMA-Script package (using LaTeX hooks)

LaTeX3 Info: Defining command \BeforeFile with sig. 'm' on line 61.


LaTeX3 Info: Defining command \AfterFile with sig. 'm' on line 65.


LaTeX3 Info: Defining command \BeforeClass with sig. 'm' on line 69.


LaTeX3 Info: Defining command \BeforePackage with sig. 'm' on line 73.


LaTeX3 Info: Defining command \AfterAtEndOfClass with sig. 'smo+m' on line 83.


LaTeX3 Info: Defining command \AfterAtEndOfPackage with sig. 'smo+m' on line
(LaTeX3)     93.


LaTeX3 Info: Defining command \scrlfile@AfterClass with sig. 'smo+m' on line
(LaTeX3)     173.


LaTeX3 Info: Defining command \AfterClass with sig. '' on line 174.


LaTeX3 Info: Defining command \scrlfile@AfterPackage with sig. 'smo+m' on line
(LaTeX3)     191.


LaTeX3 Info: Defining command \AfterPackage with sig. '' on line 192.


LaTeX3 Info: Defining command \ReplaceInput with sig. '' on line 193.


LaTeX3 Info: Defining command \ReplaceClass with sig. 'mm' on line 196.


LaTeX3 Info: Defining command \ReplacePackage with sig. 'mm' on line 199.


LaTeX3 Info: Defining command \UnReplaceInput with sig. '' on line 200.


LaTeX3 Info: Defining command \UnReplaceClass with sig. 'm' on line 203.


LaTeX3 Info: Defining command \UnReplacePackage with sig. 'mm' on line 206.


LaTeX3 Info: Defining command \PreventPackageFromLoading with sig. 's+om' on
(LaTeX3)     line 234.


LaTeX3 Info: Defining command \StorePreventPackageFromLoading with sig. 'm' on
(LaTeX3)     line 242.


LaTeX3 Info: Defining command \ResetPreventPackageFromLoading with sig. '' on
(LaTeX3)     line 247.


LaTeX3 Info: Defining command \UnPreventPackageFromLoading with sig. 'sm' on
(LaTeX3)     line 261.


LaTeX3 Info: Defining command \BeforeClosingMainAux with sig. 'om' on line
(LaTeX3)     274.


LaTeX3 Info: Defining command \AfterReadingMainAux with sig. 'om' on line 287.


LaTeX3 Info: Defining command \protected@immediate@write with sig. 'm+m+m' on
(LaTeX3)     line 298.

 (/usr/share/texmf-dist/tex/latex/koma-script/scrlogo.sty
Package: scrlogo 2021/03/17 v3.33 KOMA-Script package (logo)
))) (/usr/share/texmf-dist/tex/latex/graphics/keyval.sty
Package: keyval 2014/10/28 v1.15 key=value parser (DPC)
\KV@toks@=\toks15
)
Skipping: [2021/05/01] Usage of raw option list on input line 252.
Applying: [0000/00/00] compatibility for LaTeX before 2021/05/01 on input line 337.
)) (/usr/share/texmf-dist/tex/latex/koma-script/tocbasic.sty
Package: tocbasic 2021/03/17 v3.33 KOMA-Script package (handling toc-files)
\scr@dte@tocline@numberwidth=\skip47
\scr@dte@tocline@numbox=\box47
)
Package tocbasic Info: babel extension for `toc' omitted
(tocbasic)             because of missing \bbl@set@language on input line 135.
Package scrartcl Info: You've used standard option `12pt'.
(scrartcl)             This is correct!
(scrartcl)             Internally I'm using `fontsize=12pt'.
(scrartcl)             If you'd like to set the option with \KOMAoptions,
(scrartcl)             you'd have to use `fontsize=12pt' there
(scrartcl)             instead of `12pt', too.
Class scrartcl Info: File `scrsize12pt.clo' used to setup font sizes on input line 2239.
 (/usr/share/texmf-dist/tex/latex/koma-script/scrsize12pt.clo
File: scrsize12pt.clo 2021/03/17 v3.33 KOMA-Script font size class option (12pt)
) (/usr/share/texmf-dist/tex/latex/koma-script/typearea.sty
Package: typearea 2021/03/17 v3.33 KOMA-Script package (type area)
\ta@bcor=\skip48
\ta@div=\count179
Package typearea Info: You've used standard option `a4paper'.
(typearea)             This is correct!
(typearea)             Internally I'm using `paper=a4'.
(typearea)             If you'd like to set the option with \KOMAoptions,
(typearea)             you'd have to use `paper=a4' there
(typearea)             instead of `a4paper', too.
\ta@hblk=\skip49
\ta@vblk=\skip50
\ta@temp=\skip51
\footheight=\skip52
Package typearea Info: These are the values describing the layout:
(typearea)             DIV  = 12
(typearea)             BCOR = 0.0pt
(typearea)             \paperwidth      = 597.50793pt
(typearea)              \textwidth      = 448.13095pt
(typearea)              DIV departure   = -6%
(typearea)              \evensidemargin = 2.4185pt
(typearea)              \oddsidemargin  = 2.4185pt
(typearea)             \paperheight     = 845.04694pt
(typearea)              \textheight     = 635.5pt
(typearea)              \topmargin      = -41.72441pt
(typearea)              \headheight     = 18.125pt
(typearea)              \headsep        = 21.75pt
(typearea)              \topskip        = 12.0pt
(typearea)              \footskip       = 50.75pt
(typearea)              \baselineskip   = 14.5pt
(typearea)              on input line 1741.
)
\c@part=\count180
\c@section=\count181
\c@subsection=\count182
\c@subsubsection=\count183
\c@paragraph=\count184
\c@subparagraph=\count185
\scr@dte@section@maxnumwidth=\skip53
Class scrartcl Info: using compatibility default `runin=bysign'
(scrartcl)           for `\section on input line 4846.
Class scrartcl Info: using compatibility default `afterindent=bysign'
(scrartcl)           for `\section on input line 4846.
\scr@dte@part@maxnumwidth=\skip54
Class scrartcl Info: using compatibility default `afterindent=false'
(scrartcl)           for `\part on input line 4854.
\scr@dte@subsection@maxnumwidth=\skip55
Class scrartcl Info: using compatibility default `runin=bysign'
(scrartcl)           for `\subsection on input line 4864.
Class scrartcl Info: using compatibility default `afterindent=bysign'
(scrartcl)           for `\subsection on input line 4864.
\scr@dte@subsubsection@maxnumwidth=\skip56
Class scrartcl Info: using compatibility default `runin=bysign'
(scrartcl)           for `\subsubsection on input line 4874.
Class scrartcl Info: using compatibility default `afterindent=bysign'
(scrartcl)           for `\subsubsection on input line 4874.
\scr@dte@paragraph@maxnumwidth=\skip57
Class scrartcl Info: using compatibility default `runin=bysign'
(scrartcl)           for `\paragraph on input line 4885.
Class scrartcl Info: using compatibility default `afterindent=bysign'
(scrartcl)           for `\paragraph on input line 4885.
\scr@dte@subparagraph@maxnumwidth=\skip58
Class scrartcl Info: using compatibility default `runin=bysign'
(scrartcl)           for `\subparagraph on input line 4895.
Class scrartcl Info: using compatibility default `afterindent=bysign'
(scrartcl)           for `\subparagraph on input line 4895.
\abovecaptionskip=\skip59
\belowcaptionskip=\skip60
\c@pti@nb@sid@b@x=\box48
Package tocbasic Info: babel extension for `lof' omitted
(tocbasic)             because of missing \bbl@set@language on input line 6127.
\scr@dte@figure@maxnumwidth=\skip61
\c@figure=\count186
Package tocbasic Info: babel extension for `lot' omitted
(tocbasic)             because of missing \bbl@set@language on input line 6139.
\scr@dte@table@maxnumwidth=\skip62
\c@table=\count187
Class scrartcl Info: Redefining `\numberline' on input line 6303.
\bibindent=\dimen138
) (/usr/share/texmf-dist/tex/latex/base/inputenc.sty
Package: inputenc 2020/08/01 v1.3d Input encoding file
\inpenc@prehook=\toks16
\inpenc@posthook=\toks17
) (/usr/share/texmf-dist/tex/generic/babel/babel.sty
Package: babel 2021/03/24 3.56 The Babel package
 (/usr/share/texmf-dist/tex/generic/babel/babel.def
File: babel.def 2021/03/24 3.56 Babel common definitions
\babel@savecnt=\count188
\U@D=\dimen139
\l@babelnohyphens=\language87
 (/usr/share/texmf-dist/tex/generic/babel/txtbabel.def)
\bbl@readstream=\read2
)
\bbl@dirlevel=\count189
 (/usr/share/texmf-dist/tex/generic/babel-german/ngerman.ldf
Language: ngerman 2021/02/27 v2.13 German support for babel (post-1996 orthography)
 (/usr/share/texmf-dist/tex/generic/babel-german/ngermanb.ldf
Language: ngermanb 2021/02/27 v2.13 German support for babel (post-1996 orthography)
Package babel Info: Making " an active character on input line 122.
))) (/usr/share/texmf-dist/tex/latex/base/fontenc.sty
Package: fontenc 2020/08/10 v2.0s Standard LaTeX package
) (/usr/share/texmf-dist/tex/latex/amsfonts/amsfonts.sty
Package: amsfonts 2013/01/14 v3.01 Basic AMSFonts support
\@emptytoks=\toks18
\symAMSa=\mathgroup4
\symAMSb=\mathgroup5
LaTeX Font Info:    Redeclaring math symbol \hbar on input line 98.
LaTeX Font Info:    Overwriting math alphabet `\mathfrak' in version `bold'
(Font)                  U/euf/m/n --> U/euf/b/n on input line 106.
) (/usr/share/texmf-dist/tex/latex/lm/lmodern.sty
Package: lmodern 2015/05/01 v1.6.1 Latin Modern Fonts
LaTeX Font Info:    Overwriting symbol font `operators' in version `normal'
(Font)                  OT1/cmr/m/n --> OT1/lmr/m/n on input line 22.
LaTeX Font Info:    Overwriting symbol font `letters' in version `normal'
(Font)                  OML/cmm/m/it --> OML/lmm/m/it on input line 23.
LaTeX Font Info:    Overwriting symbol font `symbols' in version `normal'
(Font)                  OMS/cmsy/m/n --> OMS/lmsy/m/n on input line 24.
LaTeX Font Info:    Overwriting symbol font `largesymbols' in version `normal'
(Font)                  OMX/cmex/m/n --> OMX/lmex/m/n on input line 25.
LaTeX Font Info:    Overwriting symbol font `operators' in version `bold'
(Font)                  OT1/cmr/bx/n --> OT1/lmr/bx/n on input line 26.
LaTeX Font Info:    Overwriting symbol font `letters' in version `bold'
(Font)                  OML/cmm/b/it --> OML/lmm/b/it on input line 27.
LaTeX Font Info:    Overwriting symbol font `symbols' in version `bold'
(Font)                  OMS/cmsy/b/n --> OMS/lmsy/b/n on input line 28.
LaTeX Font Info:    Overwriting symbol font `largesymbols' in version `bold'
(Font)                  OMX/cmex/m/n --> OMX/lmex/m/n on input line 29.
LaTeX Font Info:    Overwriting math alphabet `\mathbf' in version `normal'
(Font)                  OT1/cmr/bx/n --> OT1/lmr/bx/n on input line 31.
LaTeX Font Info:    Overwriting math alphabet `\mathsf' in version `normal'
(Font)                  OT1/cmss/m/n --> OT1/lmss/m/n on input line 32.
LaTeX Font Info:    Overwriting math alphabet `\mathit' in version `normal'
(Font)                  OT1/cmr/m/it --> OT1/lmr/m/it on input line 33.
LaTeX Font Info:    Overwriting math alphabet `\mathtt' in version `normal'
(Font)                  OT1/cmtt/m/n --> OT1/lmtt/m/n on input line 34.
LaTeX Font Info:    Overwriting math alphabet `\mathbf' in version `bold'
(Font)                  OT1/cmr/bx/n --> OT1/lmr/bx/n on input line 35.
LaTeX Font Info:    Overwriting math alphabet `\mathsf' in version `bold'
(Font)                  OT1/cmss/bx/n --> OT1/lmss/bx/n on input line 36.
LaTeX Font Info:    Overwriting math alphabet `\mathit' in version `bold'
(Font)                  OT1/cmr/bx/it --> OT1/lmr/bx/it on input line 37.
LaTeX Font Info:    Overwriting math alphabet `\mathtt' in version `bold'
(Font)                  OT1/cmtt/m/n --> OT1/lmtt/m/n on input line 38.
) (/usr/share/texmf-dist/tex/latex/amsmath/amsmath.sty
Package: amsmath 2020/09/23 v2.17i AMS math features
\@mathmargin=\skip63

For additional information on amsmath, use the `?' option.
(/usr/share/texmf-dist/tex/latex/amsmath/amstext.sty
Package: amstext 2000/06/29 v2.01 AMS text
 (/usr/share/texmf-dist/tex/latex/amsmath/amsgen.sty
File: amsgen.sty 1999/11/30 v2.0 generic functions
\@emptytoks=\toks19
\ex@=\dimen140
)) (/usr/share/texmf-dist/tex/latex/amsmath/amsbsy.sty
Package: amsbsy 1999/11/29 v1.2d Bold Symbols
\pmbraise@=\dimen141
) (/usr/share/texmf-dist/tex/latex/amsmath/amsopn.sty
Package: amsopn 2016/03/08 v2.02 operator names
)
\inf@bad=\count190
LaTeX Info: Redefining \frac on input line 234.
\uproot@=\count191
\leftroot@=\count192
LaTeX Info: Redefining \overline on input line 399.
\classnum@=\count193
\DOTSCASE@=\count194
LaTeX Info: Redefining \ldots on input line 496.
LaTeX Info: Redefining \dots on input line 499.
LaTeX Info: Redefining \cdots on input line 620.
\Mathstrutbox@=\box49
\strutbox@=\box50
\big@size=\dimen142
LaTeX Font Info:    Redeclaring font encoding OML on input line 743.
LaTeX Font Info:    Redeclaring font encoding OMS on input line 744.
\macc@depth=\count195
\c@MaxMatrixCols=\count196
\dotsspace@=\muskip16
\c@parentequation=\count197
\dspbrk@lvl=\count198
\tag@help=\toks20
\row@=\count199
\column@=\count266
\maxfields@=\count267
\andhelp@=\toks21
\eqnshift@=\dimen143
\alignsep@=\dimen144
\tagshift@=\dimen145
\tagwidth@=\dimen146
\totwidth@=\dimen147
\lineht@=\dimen148
\@envbody=\toks22
\multlinegap=\skip64
\multlinetaggap=\skip65
\mathdisplay@stack=\toks23
LaTeX Info: Redefining \[ on input line 2923.
LaTeX Info: Redefining \] on input line 2924.
) (/usr/share/texmf-dist/tex/latex/graphics/color.sty
Package: color 2020/02/24 v1.2b Standard LaTeX Color (DPC)
 (/usr/share/texmf-dist/tex/latex/graphics-cfg/color.cfg
File: color.cfg 2016/01/02 v1.6 sample color configuration
)
Package color Info: Driver file: pdftex.def on input line 147.
 (/usr/share/texmf-dist/tex/latex/graphics-def/pdftex.def
File: pdftex.def 2020/10/05 v1.2a Graphics/color driver for pdftex
)) (/usr/share/texmf-dist/tex/latex/amsfonts/amssymb.sty
Package: amssymb 2013/01/14 v3.01 AMS font symbols
) (/usr/share/texmf-dist/tex/latex/amscls/amsthm.sty
Package: amsthm 2020/05/29 v2.20.6
\thm@style=\toks24
\thm@bodyfont=\toks25
\thm@headfont=\toks26
\thm@notefont=\toks27
\thm@headpunct=\toks28
\thm@preskip=\skip66
\thm@postskip=\skip67
\thm@headsep=\skip68
\dth@everypar=\toks29
) (/usr/share/texmf-dist/tex/latex/xpatch/xpatch.sty (/usr/share/texmf-dist/tex/latex/l3kernel/expl3.sty
Package: expl3 2021-02-18 L3 programming layer (loader) 
 (/usr/share/texmf-dist/tex/latex/l3backend/l3backend-pdftex.def
File: l3backend-pdftex.def 2021-03-18 L3 backend support: PDF output (pdfTeX)
\l__color_backend_stack_int=\count268
\l__pdf_internal_box=\box51
))
Package: xpatch 2020/03/25 v0.3a Extending etoolbox patching commands
 (/usr/share/texmf-dist/tex/latex/l3packages/xparse/xparse.sty (/usr/share/texmf-dist/tex/latex/l3packages/xparse/xparse-2020-10-01.sty (/usr/share/texmf-dist/tex/latex/l3packages/xparse/xparse-generic.tex))) (/usr/share/texmf-dist/tex/latex/etoolbox/etoolbox.sty
Package: etoolbox 2020/10/05 v2.5k e-TeX tools for LaTeX (JAW)
\etb@tempcnta=\count269
))
Class scrartcl Info: amsthm's \deferred@thm@head patched.
 (/usr/share/texmf-dist/tex/latex/float/float.sty
Package: float 2001/11/08 v1.3d Float enhancements (AL)
\c@float@type=\count270
\float@exts=\toks30
\float@box=\box52
\@float@everytoks=\toks31
\@floatcapt=\box53
) (/usr/share/texmf-dist/tex/latex/graphics/graphicx.sty
Package: graphicx 2020/09/09 v1.2b Enhanced LaTeX Graphics (DPC,SPQR)
 (/usr/share/texmf-dist/tex/latex/graphics/graphics.sty
Package: graphics 2020/08/30 v1.4c Standard LaTeX Graphics (DPC,SPQR)
 (/usr/share/texmf-dist/tex/latex/graphics/trig.sty
Package: trig 2016/01/03 v1.10 sin cos tan (DPC)
) (/usr/share/texmf-dist/tex/latex/graphics-cfg/graphics.cfg
File: graphics.cfg 2016/06/04 v1.11 sample graphics configuration
)
Package graphics Info: Driver file: pdftex.def on input line 105.
)
\Gin@req@height=\dimen149
\Gin@req@width=\dimen150
) (/usr/share/texmf-dist/tex/latex/bbm-macros/bbm.sty
Package: bbm 1999/03/15 V 1.2 provides fonts for set symbols - TH
LaTeX Font Info:    Overwriting math alphabet `\mathbbm' in version `bold'
(Font)                  U/bbm/m/n --> U/bbm/bx/n on input line 33.
LaTeX Font Info:    Overwriting math alphabet `\mathbbmss' in version `bold'
(Font)                  U/bbmss/m/n --> U/bbmss/bx/n on input line 35.
) (/usr/share/texmf-dist/tex/generic/ulem/ulem.sty
\UL@box=\box54
\UL@hyphenbox=\box55
\UL@skip=\skip69
\UL@hook=\toks32
\UL@height=\dimen151
\UL@pe=\count271
\UL@pixel=\dimen152
\ULC@box=\box56
Package: ulem 2019/11/18
\ULdepth=\dimen153
) (/usr/share/texmf-dist/tex/latex/xcolor/xcolor.sty
Package: xcolor 2016/05/11 v2.12 LaTeX color extensions (UK)
 (/usr/share/texmf-dist/tex/latex/graphics-cfg/color.cfg
File: color.cfg 2016/01/02 v1.6 sample color configuration
)
Package xcolor Info: Package option `Optionen' ignored on input line 216.
Package xcolor Info: Driver file: pdftex.def on input line 225.
LaTeX Info: Redefining \color on input line 709.
Package xcolor Info: Model `cmy' substituted by `cmy0' on input line 1348.
Package xcolor Info: Model `hsb' substituted by `rgb' on input line 1352.
Package xcolor Info: Model `RGB' extended on input line 1364.
Package xcolor Info: Model `HTML' substituted by `rgb' on input line 1366.
Package xcolor Info: Model `Hsb' substituted by `hsb' on input line 1367.
Package xcolor Info: Model `tHsb' substituted by `hsb' on input line 1368.
Package xcolor Info: Model `HSB' substituted by `hsb' on input line 1369.
Package xcolor Info: Model `Gray' substituted by `gray' on input line 1370.
Package xcolor Info: Model `wave' substituted by `hsb' on input line 1371.
) (/usr/share/texmf-dist/tex/latex/stmaryrd/stmaryrd.sty
Package: stmaryrd 1994/03/03 St Mary's Road symbol package
\symstmry=\mathgroup6
LaTeX Font Info:    Overwriting symbol font `stmry' in version `bold'
(Font)                  U/stmry/m/n --> U/stmry/b/n on input line 89.
) (/usr/share/texmf-dist/tex/latex/mathtools/mathtools.sty
Package: mathtools 2021/03/18 v1.25 mathematical typesetting tools
 (/usr/share/texmf-dist/tex/latex/tools/calc.sty
Package: calc 2017/05/25 v4.3 Infix arithmetic (KKT,FJ)
\calc@Acount=\count272
\calc@Bcount=\count273
\calc@Adimen=\dimen154
\calc@Bdimen=\dimen155
\calc@Askip=\skip70
\calc@Bskip=\skip71
LaTeX Info: Redefining \setlength on input line 80.
LaTeX Info: Redefining \addtolength on input line 81.
\calc@Ccount=\count274
\calc@Cskip=\skip72
) (/usr/share/texmf-dist/tex/latex/mathtools/mhsetup.sty
Package: mhsetup 2021/03/18 v1.4 programming setup (MH)
)
LaTeX Info: Thecontrolsequence`\('isalreadyrobust on input line 130.
LaTeX Info: Thecontrolsequence`\)'isalreadyrobust on input line 130.
LaTeX Info: Thecontrolsequence`\['isalreadyrobust on input line 130.
LaTeX Info: Thecontrolsequence`\]'isalreadyrobust on input line 130.
\g_MT_multlinerow_int=\count275
\l_MT_multwidth_dim=\dimen156
\origjot=\skip73
\l_MT_shortvdotswithinadjustabove_dim=\dimen157
\l_MT_shortvdotswithinadjustbelow_dim=\dimen158
\l_MT_above_intertext_sep=\dimen159
\l_MT_below_intertext_sep=\dimen160
\l_MT_above_shortintertext_sep=\dimen161
\l_MT_below_shortintertext_sep=\dimen162
\xmathstrut@box=\box57
\xmathstrut@dim=\dimen163
)
\c@noti=\count276
\c@lemi=\count277
\c@bem=\count278
\c@sat=\count279
\c@kol=\count280
\c@beti=\count281
\c@bsp=\count282
\c@defi=\count283
 (/usr/share/texmf-dist/tex/latex/caption/caption.sty
Package: caption 2020/10/26 v3.5g Customizing captions (AR)
 (/usr/share/texmf-dist/tex/latex/caption/caption3.sty
Package: caption3 2020/10/21 v2.2e caption3 kernel (AR)
\captionmargin=\dimen164
\captionmargin@=\dimen165
\captionwidth=\dimen166
\caption@tempdima=\dimen167
\caption@indent=\dimen168
\caption@parindent=\dimen169
\caption@hangindent=\dimen170
Package caption Info: KOMA-Script document class detected.
 (/usr/share/texmf-dist/tex/latex/caption/caption-koma.sto
File: caption-koma.sto 2020/09/21 v2.0b Adaption of the caption package to the KOMA-Script document classes (AR)
))
\c@caption@flags=\count284
\c@continuedfloat=\count285
Package caption Info: float package is loaded.
) (/usr/share/texmf-dist/tex/latex/koma-script/scrlayer-scrpage.sty
Package: scrlayer-scrpage 2021/03/17 v3.33 KOMA-Script package (end user interface for scrlayer)
 (/usr/share/texmf-dist/tex/latex/koma-script/scrlayer.sty
Package: scrlayer 2021/03/17 v3.33 KOMA-Script package (defining layers and page styles)
Package scrlayer Info: Using already defined \footheight
(scrlayer)             hoping, that this is a length and
(scrlayer)             not only a macro on input line 136.
Package scrlayer Info: patching LaTeX kernel macro \pagestyle on input line 2162.
)
Package scrlayer-scrpage Info: Makeing stand-alone element `pagehead' from
(scrlayer-scrpage)             alias to `pageheadfoot' on input line 1085.
Package scrlayer-scrpage Info: deactivating warning for font element
(scrlayer-scrpage)             `pagefoot' on input line 1109.
)
Package scrlayer-scrpage Info: auto-selection of `pagestyleset=KOMA-Script'.

1: subsection
1: section
1: section
1: subsection
1: subsection
(/usr/share/texmf-dist/tex/latex/geometry/geometry.sty
Package: geometry 2020/01/02 v5.9 Page Geometry
 (/usr/share/texmf-dist/tex/generic/iftex/ifvtex.sty
Package: ifvtex 2019/10/25 v1.7 ifvtex legacy package. Use iftex instead.
 (/usr/share/texmf-dist/tex/generic/iftex/iftex.sty
Package: iftex 2020/03/06 v1.0d TeX engine tests
))
\Gm@cnth=\count286
\Gm@cntv=\count287
\c@Gm@tempcnt=\count288
\Gm@bindingoffset=\dimen171
\Gm@wd@mp=\dimen172
\Gm@odd@mp=\dimen173
\Gm@even@mp=\dimen174
\Gm@layoutwidth=\dimen175
\Gm@layoutheight=\dimen176
\Gm@layouthoffset=\dimen177
\Gm@layoutvoffset=\dimen178
\Gm@dimlist=\toks33
)
LaTeX Font Info:    Trying to load font information for T1+lmr on input line 57.
 (/usr/share/texmf-dist/tex/latex/lm/t1lmr.fd
File: t1lmr.fd 2015/05/01 v1.6.1 Font defs for Latin Modern
) (./Markovketten-Skript.aux)
\openout1 = `Markovketten-Skript.aux'.

LaTeX Font Info:    Checking defaults for OML/cmm/m/it on input line 57.
LaTeX Font Info:    ... okay on input line 57.
LaTeX Font Info:    Checking defaults for OMS/cmsy/m/n on input line 57.
LaTeX Font Info:    ... okay on input line 57.
LaTeX Font Info:    Checking defaults for OT1/cmr/m/n on input line 57.
LaTeX Font Info:    ... okay on input line 57.
LaTeX Font Info:    Checking defaults for T1/cmr/m/n on input line 57.
LaTeX Font Info:    ... okay on input line 57.
LaTeX Font Info:    Checking defaults for TS1/cmr/m/n on input line 57.
LaTeX Font Info:    ... okay on input line 57.
LaTeX Font Info:    Checking defaults for OMX/cmex/m/n on input line 57.
LaTeX Font Info:    ... okay on input line 57.
LaTeX Font Info:    Checking defaults for U/cmr/m/n on input line 57.
LaTeX Font Info:    ... okay on input line 57.
 (/usr/share/texmf-dist/tex/context/base/mkii/supp-pdf.mkii
[Loading MPS to PDF converter (version 2006.09.02).]
\scratchcounter=\count289
\scratchdimen=\dimen179
\scratchbox=\box58
\nofMPsegments=\count290
\nofMParguments=\count291
\everyMPshowfont=\toks34
\MPscratchCnt=\count292
\MPscratchDim=\dimen180
\MPnumerator=\count293
\makeMPintoPDFobject=\count294
\everyMPtoPDFconversion=\toks35
) (/usr/share/texmf-dist/tex/latex/epstopdf-pkg/epstopdf-base.sty
Package: epstopdf-base 2020-01-24 v2.11 Base part for package epstopdf
Package epstopdf-base Info: Redefining graphics rule for `.eps' on input line 485.
 (/usr/share/texmf-dist/tex/latex/latexconfig/epstopdf-sys.cfg
File: epstopdf-sys.cfg 2010/07/13 v1.3 Configuration of (r)epstopdf for TeX Live
))
Package caption Info: Begin \AtBeginDocument code.
Package caption Info: End \AtBeginDocument code.

*geometry* driver: auto-detecting
*geometry* detected driver: pdftex
*geometry* verbose mode - [ preamble ] result:
* driver: pdftex
* paper: a4paper
* layout: <same size as paper>
* layoutoffset:(h,v)=(0.0pt,0.0pt)
* modes: 
* h-part:(L,W,R)=(89.62709pt, 418.25368pt, 89.6271pt)
* v-part:(T,H,B)=(71.13188pt, 702.78308pt, 71.13188pt)
* \paperwidth=597.50787pt
* \paperheight=845.04684pt
* \textwidth=418.25368pt
* \textheight=702.78308pt
* \oddsidemargin=17.3571pt
* \evensidemargin=17.3571pt
* \topmargin=-41.0131pt
* \headheight=18.125pt
* \headsep=21.75pt
* \topskip=12.0pt
* \footskip=50.75pt
* \marginparwidth=49.79233pt
* \marginparsep=12.8401pt
* \columnsep=10.0pt
* \skip\footins=10.8pt plus 4.0pt minus 2.0pt
* \hoffset=0.0pt
* \voffset=0.0pt
* \mag=1000
* \@twocolumnfalse
* \@twosidefalse
* \@mparswitchfalse
* \@reversemarginfalse
* (1in=72.27pt=25.4mm, 1cm=28.453pt)

LaTeX Font Info:    Trying to load font information for OT1+lmr on input line 59.
(/usr/share/texmf-dist/tex/latex/lm/ot1lmr.fd
File: ot1lmr.fd 2015/05/01 v1.6.1 Font defs for Latin Modern
)
LaTeX Font Info:    Trying to load font information for OML+lmm on input line 59.
 (/usr/share/texmf-dist/tex/latex/lm/omllmm.fd
File: omllmm.fd 2015/05/01 v1.6.1 Font defs for Latin Modern
)
LaTeX Font Info:    Trying to load font information for OMS+lmsy on input line 59.
 (/usr/share/texmf-dist/tex/latex/lm/omslmsy.fd
File: omslmsy.fd 2015/05/01 v1.6.1 Font defs for Latin Modern
)
LaTeX Font Info:    Trying to load font information for OMX+lmex on input line 59.
 (/usr/share/texmf-dist/tex/latex/lm/omxlmex.fd
File: omxlmex.fd 2015/05/01 v1.6.1 Font defs for Latin Modern
)
LaTeX Font Info:    External font `lmex10' loaded for size
(Font)              <17.28> on input line 59.
LaTeX Font Info:    External font `lmex10' loaded for size
(Font)              <12> on input line 59.
LaTeX Font Info:    External font `lmex10' loaded for size
(Font)              <10> on input line 59.
LaTeX Font Info:    Trying to load font information for U+msa on input line 59.
 (/usr/share/texmf-dist/tex/latex/amsfonts/umsa.fd
File: umsa.fd 2013/01/14 v3.01 AMS symbols A
)
LaTeX Font Info:    Trying to load font information for U+msb on input line 59.
 (/usr/share/texmf-dist/tex/latex/amsfonts/umsb.fd
File: umsb.fd 2013/01/14 v3.01 AMS symbols B
)
LaTeX Font Info:    Trying to load font information for U+stmry on input line 59.
 (/usr/share/texmf-dist/tex/latex/stmaryrd/Ustmry.fd)

./Markovketten-Skript.tex:61: LaTeX Error: File `randomWalk' not found.

See the LaTeX manual or LaTeX Companion for explanation.
Type  H <return>  for immediate help.
 ...                                              
                                                  
l.61 \includegraphics[scale=0.7]{randomWalk}
                                            
I could not locate the file with any of these extensions:
.pdf,.png,.jpg,.mps,.jpeg,.jbig2,.jb2,.PDF,.PNG,.JPG,.JPEG,.JBIG2,.JB2,.eps
Try typing  <return>  to proceed.
If that doesn't work, type  X <return>  to quit.

LaTeX Font Info:    External font `lmex10' loaded for size
(Font)              <8> on input line 64.
LaTeX Font Info:    External font `lmex10' loaded for size
(Font)              <6> on input line 64.
LaTeX Font Info:    External font `lmex10' loaded for size
(Font)              <7> on input line 64.
LaTeX Font Info:    External font `lmex10' loaded for size
(Font)              <5> on input line 64.
No file Markovketten-Skript.toc.
\tf@toc=\write3
\openout3 = `Markovketten-Skript.toc'.

1: subsection
LaTeX Font Info:    External font `lmex10' loaded for size
(Font)              <10.95> on input line 77.
[1


{/var/lib/texmf/fonts/map/pdftex/updmap/pdftex.map}]
LaTeX Font Info:    Trying to load font information for U+euf on input line 81.
 (/usr/share/texmf-dist/tex/latex/amsfonts/ueuf.fd
File: ueuf.fd 2013/01/14 v3.01 Euler Fraktur
)
LaTeX Font Info:    Trying to load font information for TS1+lmr on input line 83.
 (/usr/share/texmf-dist/tex/latex/lm/ts1lmr.fd
File: ts1lmr.fd 2015/05/01 v1.6.1 Font defs for Latin Modern
)
Underfull \hbox (badness 10000) in paragraph at lines 92--94

 []

[2]
Underfull \hbox (badness 10000) in paragraph at lines 103--108

 []


Overfull \hbox (40.5048pt too wide) in paragraph at lines 109--110
\OML/lmm/m/it/12 ^^[$\T1/lmr/m/n/12 -Algebra ¸ber $\OML/lmm/m/it/12 E[]$\T1/lmr/m/n/12 , die die Men-ge $\OMS/lmsy/m/n/12 Z$ \T1/lmr/m/n/12 al-ler endlich-dimensionalen Recht-e-cke(Zylindermenge)
 []


Underfull \hbox (badness 10000) in paragraph at lines 131--136

 []


Underfull \hbox (badness 10000) in paragraph at lines 141--146

 []

[3]
1: subsection

Overfull \hbox (21.07268pt too wide) detected at line 201
\U/msb/m/n/12 Q\OT1/lmr/m/n/12 [\OMS/lmsy/m/n/12 f\OML/lmm/m/it/12 x \OMS/lmsy/m/n/12 2 \OML/lmm/m/it/12 E[] \OT1/lmr/m/n/12 : \OML/lmm/m/it/12 x[] \OMS/lmsy/m/n/12 2 \OML/lmm/m/it/12 A[];  \OMS/lmsy/m/n/12 8\OML/lmm/m/it/12 j \OMS/lmsy/m/n/12 2 \OML/lmm/m/it/12 J\OMS/lmsy/m/n/12 g\OT1/lmr/m/n/12 ] = \U/msb/m/n/12 Q\OT1/lmr/m/n/12 [[][](\OMS/lmsy/m/n/12 ^^B[] \OML/lmm/m/it/12 A[]\OT1/lmr/m/n/12 )] = (\U/msb/m/n/12 Q \OMS/lmsy/m/n/12 ^^N [][]\OT1/lmr/m/n/12 )[\OMS/lmsy/m/n/12 ^^B[] \OML/lmm/m/it/12 A[]\OT1/lmr/m/n/12 ] = \U/msb/m/n/12 Q[]\OT1/lmr/m/n/12 [\OMS/lmsy/m/n/12 ^^B[] \OML/lmm/m/it/12 A[]\OT1/lmr/m/n/12 ]
 []


Overfull \hbox (39.2253pt too wide) detected at line 226
\OML/lmm/m/it/12 A[] \OT1/lmr/m/n/12 = \OMS/lmsy/m/n/12 f\OT1/lmr/m/n/12 (\OML/lmm/m/it/12 x[]; :::; x[]\OT1/lmr/m/n/12 ) \OMS/lmsy/m/n/12 2 \OML/lmm/m/it/12 E[] \OT1/lmr/m/n/12 : \OML/lmm/m/it/12 x[] \OT1/lmr/m/n/12 = 0\OML/lmm/m/it/12 ;  \OMS/lmsy/m/n/12 jj[]jj \OT1/lmr/m/n/12 = 1 \OMS/lmsy/m/n/12 8\OML/lmm/m/it/12 i \OT1/lmr/m/n/12 = 1\OML/lmm/m/it/12 ; ::; n;  x[] \OMS/lmsy/m/n/12 6\OT1/lmr/m/n/12 = \OML/lmm/m/it/12 x[] \OMS/lmsy/m/n/12 8\OML/lmm/m/it/12 i; j \OMS/lmsy/m/n/12 2 f\OT1/lmr/m/n/12 0\OML/lmm/m/it/12 ; :::; n\OMS/lmsy/m/n/12 gg
 []

[4]

./Markovketten-Skript.tex:229: LaTeX Error: File `beispiel12' not found.

See the LaTeX manual or LaTeX Companion for explanation.
Type  H <return>  for immediate help.
 ...                                              
                                                  
l.229 \includegraphics[scale=0.55]{beispiel12}
                                              
I could not locate the file with any of these extensions:
.pdf,.png,.jpg,.mps,.jpeg,.jbig2,.jb2,.PDF,.PNG,.JPG,.JPEG,.JBIG2,.JB2,.eps
Try typing  <return>  to proceed.
If that doesn't work, type  X <return>  to quit.

[5] [6]
Underfull \hbox (badness 10000) in paragraph at lines 360--364

 []

[7]

./Markovketten-Skript.tex:387: LaTeX Error: File `beispiel15' not found.

See the LaTeX manual or LaTeX Companion for explanation.
Type  H <return>  for immediate help.
 ...                                              
                                                  
l.387 \includegraphics[scale=0.4]{beispiel15}
                                             
I could not locate the file with any of these extensions:
.pdf,.png,.jpg,.mps,.jpeg,.jbig2,.jb2,.PDF,.PNG,.JPG,.JPEG,.JBIG2,.JB2,.eps
Try typing  <return>  to proceed.
If that doesn't work, type  X <return>  to quit.


Underfull \hbox (badness 10000) in paragraph at lines 393--397

 []

LaTeX Font Info:    Trying to load font information for U+bbm on input line 406.
(/usr/share/texmf-dist/tex/latex/bbm-macros/ubbm.fd
File: ubbm.fd 1999/03/15 V 1.2 Font definition for bbm font - TH
)
Overfull \hbox (6.65858pt too wide) in paragraph at lines 412--413
\T1/lmr/m/n/12 stands-raum E, Start-ver-tei-lung $\OML/lmm/m/it/12 ^^W \OT1/lmr/m/n/12 = \U/msb/m/n/12 P \OMS/lmsy/m/n/12 ^^N [][]$ \T1/lmr/m/n/12 und ‹ber-gangs-ma-trix $\OML/lmm/m/it/12 P \OT1/lmr/m/n/12 = (\OML/lmm/m/it/12 p\OT1/lmr/m/n/12 (\OML/lmm/m/it/12 x; y\OT1/lmr/m/n/12 ))[]$
 []


./Markovketten-Skript.tex:443: LaTeX Error: File `beispiel18' not found.

See the LaTeX manual or LaTeX Companion for explanation.
Type  H <return>  for immediate help.
 ...                                              
                                                  
l.443 \includegraphics[scale=0.55]{beispiel18}
                                              
I could not locate the file with any of these extensions:
.pdf,.png,.jpg,.mps,.jpeg,.jbig2,.jb2,.PDF,.PNG,.JPG,.JPEG,.JBIG2,.JB2,.eps
Try typing  <return>  to proceed.
If that doesn't work, type  X <return>  to quit.


Underfull \hbox (badness 10000) in paragraph at lines 427--445

 []


Underfull \hbox (badness 10000) in paragraph at lines 427--445

 []

[8]

./Markovketten-Skript.tex:465: LaTeX Error: File `beispiel17(2)' not found.

See the LaTeX manual or LaTeX Companion for explanation.
Type  H <return>  for immediate help.
 ...                                              
                                                  
l.465 \includegraphics[scale=0.85]{beispiel17(2)}
                                                 
I could not locate the file with any of these extensions:
.pdf,.png,.jpg,.mps,.jpeg,.jbig2,.jb2,.PDF,.PNG,.JPG,.JPEG,.JBIG2,.JB2,.eps
Try typing  <return>  to proceed.
If that doesn't work, type  X <return>  to quit.


./Markovketten-Skript.tex:473: LaTeX Error: File `beispiel19' not found.

See the LaTeX manual or LaTeX Companion for explanation.
Type  H <return>  for immediate help.
 ...                                              
                                                  
l.473 \includegraphics[scale=0.36]{beispiel19}
                                              
I could not locate the file with any of these extensions:
.pdf,.png,.jpg,.mps,.jpeg,.jbig2,.jb2,.PDF,.PNG,.JPG,.JPEG,.JBIG2,.JB2,.eps
Try typing  <return>  to proceed.
If that doesn't work, type  X <return>  to quit.


./Markovketten-Skript.tex:485: LaTeX Error: File `beispiel110' not found.

See the LaTeX manual or LaTeX Companion for explanation.
Type  H <return>  for immediate help.
 ...                                              
                                                  
l.485 \includegraphics[scale=0.3]{beispiel110}
                                              
I could not locate the file with any of these extensions:
.pdf,.png,.jpg,.mps,.jpeg,.jbig2,.jb2,.PDF,.PNG,.JPG,.JPEG,.JBIG2,.JB2,.eps
Try typing  <return>  to proceed.
If that doesn't work, type  X <return>  to quit.


Underfull \hbox (badness 10000) in paragraph at lines 490--494

 []

[9]

./Markovketten-Skript.tex:504: LaTeX Error: File `beispiel111' not found.

See the LaTeX manual or LaTeX Companion for explanation.
Type  H <return>  for immediate help.
 ...                                              
                                                  
l.504 \includegraphics[scale=0.35]{beispiel111}
                                               
I could not locate the file with any of these extensions:
.pdf,.png,.jpg,.mps,.jpeg,.jbig2,.jb2,.PDF,.PNG,.JPG,.JPEG,.JBIG2,.JB2,.eps
Try typing  <return>  to proceed.
If that doesn't work, type  X <return>  to quit.


Overfull \hbox (17.71733pt too wide) in paragraph at lines 500--506
\T1/lmr/m/n/12 wobei deg(x) die An-zahl der von x aus-ge-hen-den Kan-ten ist. Dann ist $\OML/lmm/m/it/12 P \OT1/lmr/m/n/12 = (\OML/lmm/m/it/12 p\OT1/lmr/m/n/12 (\OML/lmm/m/it/12 x; y\OT1/lmr/m/n/12 ))[]$
 []


Overfull \hbox (9.3756pt too wide) in paragraph at lines 507--509
\T1/lmr/m/n/12 Dabei ist $\OML/lmm/m/it/12 V \OT1/lmr/m/n/12 = \OMS/lmsy/m/n/12 f\OT1/lmr/m/n/12 1\OML/lmm/m/it/12 ; \OT1/lmr/m/n/12 2\OML/lmm/m/it/12 ; \OT1/lmr/m/n/12 3\OML/lmm/m/it/12 ; \OT1/lmr/m/n/12 4\OMS/lmsy/m/n/12 g$ \T1/lmr/m/n/12 die Kno-ten-men-ge und $\OML/lmm/m/it/12 E\OT1/lmr/m/n/12 (\OML/lmm/m/it/12 V\OT1/lmr/m/n/12 ) = \OMS/lmsy/m/n/12 ff\OT1/lmr/m/n/12 1\OML/lmm/m/it/12 ; \OT1/lmr/m/n/12 2\OMS/lmsy/m/n/12 g\OML/lmm/m/it/12 ; \OMS/lmsy/m/n/12 f\OT1/lmr/m/n/12 1\OML/lmm/m/it/12 ; \OT1/lmr/m/n/12 3\OMS/lmsy/m/n/12 g\OML/lmm/m/it/12 ; \OMS/lmsy/m/n/12 f\OT1/lmr/m/n/12 2\OML/lmm/m/it/12 ; \OT1/lmr/m/n/12 3\OMS/lmsy/m/n/12 g\OML/lmm/m/it/12 ; \OMS/lmsy/m/n/12 f\OT1/lmr/m/n/12 3\OML/lmm/m/it/12 ; \OT1/lmr/m/n/12 4\OMS/lmsy/m/n/12 gg$
 []


Underfull \hbox (badness 10000) in paragraph at lines 514--519

 []


Underfull \hbox (badness 10000) in paragraph at lines 534--538

 []


Underfull \hbox (badness 10000) in paragraph at lines 540--544

 []

[10]
Overfull \hbox (66.1556pt too wide) detected at line 555
\OT1/lmr/m/n/12 = [] = [] = \OML/lmm/m/it/12 p\OT1/lmr/m/n/12 (\OML/lmm/m/it/12 x[]; x[]\OT1/lmr/m/n/12 )
 []


LaTeX Warning: Reference `zeithomogene Markovkette' on page 11 undefined on input line 566.


LaTeX Warning: Reference `zeithomogene Markovkette' on page 11 undefined on input line 568.


Underfull \hbox (badness 10000) in paragraph at lines 558--574

 []


Underfull \hbox (badness 10000) in paragraph at lines 558--574

 []


Underfull \hbox (badness 10000) in paragraph at lines 558--574

 []


LaTeX Warning: Reference `zeithomogene Markovkette' on page 11 undefined on input line 584.


Overfull \hbox (1.8321pt too wide) detected at line 599
\U/msb/m/n/12 P\OT1/lmr/m/n/12 [\OML/lmm/m/it/12 X[] \OT1/lmr/m/n/12 = \OML/lmm/m/it/12 x\OT1/lmr/m/n/12 ] = [] \OML/lmm/m/it/12 ^^W\OT1/lmr/m/n/12 (\OML/lmm/m/it/12 x[]\OT1/lmr/m/n/12 )\OML/lmm/m/it/12 p\OT1/lmr/m/n/12 (\OML/lmm/m/it/12 x[]; x[]\OT1/lmr/m/n/12 ) \OMS/lmsy/m/n/12 ^^A \OML/lmm/m/it/12 ::: \OMS/lmsy/m/n/12 ^^A \OML/lmm/m/it/12 p\OT1/lmr/m/n/12 (\OML/lmm/m/it/12 x[]; x\OT1/lmr/m/n/12 ) = (\OML/lmm/m/it/12 ^^WP[]\OT1/lmr/m/n/12 )(\OML/lmm/m/it/12 x\OT1/lmr/m/n/12 ) \OMS/lmsy/m/n/12 8\OML/lmm/m/it/12 n \OMS/lmsy/m/n/12 2 \U/msb/m/n/12 N[]\OML/lmm/m/it/12 ;  x \OMS/lmsy/m/n/12 2 \OML/lmm/m/it/12 E
 []


Underfull \hbox (badness 10000) in paragraph at lines 609--613

 []


Underfull \hbox (badness 10000) in paragraph at lines 621--630

 []

[11]
Underfull \hbox (badness 10000) in paragraph at lines 664--669

 []


Overfull \hbox (40.12262pt too wide) detected at line 671
\OMS/lmsy/m/n/12 D \OT1/lmr/m/n/12 = \OMS/lmsy/m/n/12 f\OML/lmm/m/it/12 A \OMS/lmsy/m/n/12 2 \OML/lmm/m/it/12 "[] \OMS/lmsy/m/n/12 j \U/msb/m/n/12 P[]\OT1/lmr/m/n/12 [(\OML/lmm/m/it/12 X[]; X[]; :::\OT1/lmr/m/n/12 ) \OMS/lmsy/m/n/12 2 \OML/lmm/m/it/12 A \OMS/lmsy/m/n/12 j \OT1/lmr/m/n/12 (\OML/lmm/m/it/12 X[]; :::; X[]\OT1/lmr/m/n/12 ) \OMS/lmsy/m/n/12 2 \OML/lmm/m/it/12 B;  X[] \OT1/lmr/m/n/12 = \OML/lmm/m/it/12 x\OT1/lmr/m/n/12 ] = \U/msb/m/n/12 P[]\OT1/lmr/m/n/12 [(\OML/lmm/m/it/12 X[]; X[]; :::\OT1/lmr/m/n/12 ) \OMS/lmsy/m/n/12 2 \OML/lmm/m/it/12 A\OT1/lmr/m/n/12 ]\OMS/lmsy/m/n/12 g
 []


Underfull \hbox (badness 10000) in paragraph at lines 671--685

 []


Underfull \hbox (badness 10000) in paragraph at lines 671--685

 []


Underfull \hbox (badness 10000) in paragraph at lines 671--685

 []


Underfull \hbox (badness 10000) in paragraph at lines 671--685

 []

[12]
Underfull \hbox (badness 10000) in paragraph at lines 696--703

 []


Underfull \hbox (badness 10000) in paragraph at lines 696--703

 []


LaTeX Warning: Command \" invalid in math mode on input line 707.


LaTeX Warning: Command \" invalid in math mode on input line 713.


Underfull \hbox (badness 10000) in paragraph at lines 714--719

 []


LaTeX Warning: Reference `vorangegangene und zuk√ºnftige Ereignisse' on page 13 undefined on input line 733.


Overfull \hbox (32.42369pt too wide) detected at line 739
\OT1/lmr/m/n/12 = \U/msb/m/n/12 P\OT1/lmr/m/n/12 [(\OML/lmm/m/it/12 X[]; X[]; :::; X[]\OT1/lmr/m/n/12 ) \OMS/lmsy/m/n/12 2 \OML/lmm/m/it/12 B \OMS/lmsy/m/n/12 j \OML/lmm/m/it/12 X[] \OT1/lmr/m/n/12 = \OML/lmm/m/it/12 x\OT1/lmr/m/n/12 ] \OMS/lmsy/m/n/12 ^^A \U/msb/m/n/12 P[]\OT1/lmr/m/n/12 [(\OML/lmm/m/it/12 X[]; X[]; :::\OT1/lmr/m/n/12 ) \OMS/lmsy/m/n/12 2 \OML/lmm/m/it/12 A \OMS/lmsy/m/n/12 j \OT1/lmr/m/n/12 (\OML/lmm/m/it/12 X[]; :::; X[]\OT1/lmr/m/n/12 ) \OMS/lmsy/m/n/12 2 \OML/lmm/m/it/12 B; X[] \OT1/lmr/m/n/12 = \OML/lmm/m/it/12 x\OT1/lmr/m/n/12 ]
 []

[13]
Underfull \hbox (badness 10000) in paragraph at lines 752--756

 []


Underfull \hbox (badness 10000) in paragraph at lines 758--763

 []


Underfull \hbox (badness 10000) in paragraph at lines 775--780

 []


LaTeX Warning: Reference `Existenzsatz von Daniel und Kolmogorov' on page 14 undefined on input line 787.


LaTeX Warning: Reference `Teilmengen Lemma' on page 14 undefined on input line 797.


Underfull \hbox (badness 10000) in paragraph at lines 790--798

 []


Underfull \hbox (badness 10000) in paragraph at lines 790--798

 []


LaTeX Warning: Reference `Besitzen Markovketten die Markoveigenschaft' on page 14 undefined on input line 810.


Underfull \hbox (badness 10000) in paragraph at lines 814--828

 []


Underfull \hbox (badness 10000) in paragraph at lines 814--828

 []


Underfull \hbox (badness 10000) in paragraph at lines 814--828

 []

[14]
Underfull \hbox (badness 10000) in paragraph at lines 830--832

 []


LaTeX Warning: Reference `eq: zwei' on page 15 undefined on input line 843.


LaTeX Warning: Reference `Besitzen Markovketten die Markoveigenschaft' on page 15 undefined on input line 856.


Underfull \hbox (badness 10000) in paragraph at lines 855--860

 []


./Markovketten-Skript.tex:871: LaTeX Error: File `beispiel21' not found.

See the LaTeX manual or LaTeX Companion for explanation.
Type  H <return>  for immediate help.
 ...                                              
                                                  
l.871 \includegraphics[scale=0.35]{beispiel21}
                                              
I could not locate the file with any of these extensions:
.pdf,.png,.jpg,.mps,.jpeg,.jbig2,.jb2,.PDF,.PNG,.JPG,.JPEG,.JBIG2,.JB2,.eps
Try typing  <return>  to proceed.
If that doesn't work, type  X <return>  to quit.

[15] [16]

LaTeX Warning: Reference `vorangegangene und zuk√ºnftige Ereignisse' on page 17 undefined on input line 985.


Underfull \hbox (badness 10000) in paragraph at lines 980--986

 []


LaTeX Warning: Reference `vorangegangene und zuk√ºnftige Ereignisse' on page 17 undefined on input line 993.


Overfull \hbox (6.60045pt too wide) detected at line 998
\OML/lmm/m/it/12 h[]\OT1/lmr/m/n/12 (\OML/lmm/m/it/12 x\OT1/lmr/m/n/12 ) = \U/msb/m/n/12 P[]\OT1/lmr/m/n/12 [\OML/lmm/m/it/12 T[] < \OMS/lmsy/m/n/12 1\OT1/lmr/m/n/12 ] = [] \OML/lmm/m/it/12 p\OT1/lmr/m/n/12 (\OML/lmm/m/it/12 x; y\OT1/lmr/m/n/12 ) \OMS/lmsy/m/n/12 ^^A \U/msb/m/n/12 P[]\OT1/lmr/m/n/12 [\OML/lmm/m/it/12 T[] \OMS/lmsy/m/n/12 2 \U/msb/m/n/12 N[]\OT1/lmr/m/n/12 ] = [] \OML/lmm/m/it/12 p\OT1/lmr/m/n/12 (\OML/lmm/m/it/12 x; y\OT1/lmr/m/n/12 ) \OMS/lmsy/m/n/12 ^^A \OML/lmm/m/it/12 h[]\OT1/lmr/m/n/12 (\OML/lmm/m/it/12 y\OT1/lmr/m/n/12 ) \OMS/lmsy/m/n/12 , \OT1/lmr/m/n/12 (\OML/lmm/m/it/12 Lh[]\OT1/lmr/m/n/12 )(\OML/lmm/m/it/12 x\OT1/lmr/m/n/12 ) = 0
 []


LaTeX Warning: Reference `vorangegangene und zuk√ºnftige Ereignisse' on page 17 undefined on input line 1015.


Underfull \hbox (badness 10000) in paragraph at lines 1005--1016

 []


Underfull \hbox (badness 10000) in paragraph at lines 1005--1016

 []


Underfull \hbox (badness 10000) in paragraph at lines 1005--1016

 []

[17]

LaTeX Warning: Reference `vorangegangene und zuk√ºnftige Ereignisse' on page 18 undefined on input line 1023.


./Markovketten-Skript.tex:1040: LaTeX Error: File `beispiel22' not found.

See the LaTeX manual or LaTeX Companion for explanation.
Type  H <return>  for immediate help.
 ...                                              
                                                  
l.1040 \includegraphics[scale=0.35]{beispiel22}
                                               
I could not locate the file with any of these extensions:
.pdf,.png,.jpg,.mps,.jpeg,.jbig2,.jb2,.PDF,.PNG,.JPG,.JPEG,.JBIG2,.JB2,.eps
Try typing  <return>  to proceed.
If that doesn't work, type  X <return>  to quit.


LaTeX Warning: Reference `Dirichletsatz' on page 18 undefined on input line 1048.


./Markovketten-Skript.tex:1065: LaTeX Error: File `beispiel23' not found.

See the LaTeX manual or LaTeX Companion for explanation.
Type  H <return>  for immediate help.
 ...                                              
                                                  
l.1065 \includegraphics[scale=0.35]{beispiel23}
                                               
I could not locate the file with any of these extensions:
.pdf,.png,.jpg,.mps,.jpeg,.jbig2,.jb2,.PDF,.PNG,.JPG,.JPEG,.JBIG2,.JB2,.eps
Try typing  <return>  to proceed.
If that doesn't work, type  X <return>  to quit.

[18]

LaTeX Warning: Reference `Dirichletsatz' on page 19 undefined on input line 1069.


Underfull \hbox (badness 10000) in paragraph at lines 1083--1088

 []


Underfull \hbox (badness 10000) in paragraph at lines 1090--1095

 []


Overfull \hbox (22.7499pt too wide) in paragraph at lines 1114--1115
[]\T1/lmr/bx/n/12 Beispiel 1.19 \T1/lmr/m/n/12 (Aus-ster-be-wahr-schein-lich-keit von Ver-zwei-gungs-pro-zes-sen)\T1/lmr/bx/n/12 . []\T1/lmr/m/n/12 Sei $\OT1/lmr/m/n/12 (\OML/lmm/m/it/12 X[]\OT1/lmr/m/n/12 )[]$
 []


Underfull \hbox (badness 10000) in paragraph at lines 1117--1132

 []


Underfull \hbox (badness 10000) in paragraph at lines 1117--1132

 []


Underfull \hbox (badness 10000) in paragraph at lines 1117--1132

 []

[19]

LaTeX Warning: Reference `vorangegangene und zuk√ºnftige Ereignisse' on page 20 undefined on input line 1139.


LaTeX Warning: Reference `vorangegangene und zuk√ºnftige Ereignisse' on page 20 undefined on input line 1158.


LaTeX Warning: Reference `Dirichletsatz' on page 20 undefined on input line 1164.


LaTeX Warning: Reference `Dirichletsatz' on page 20 undefined on input line 1176.

[20]
Underfull \hbox (badness 10000) in paragraph at lines 1179--1184

 []


./Markovketten-Skript.tex:1194: LaTeX Error: File `beispiel24' not found.

See the LaTeX manual or LaTeX Companion for explanation.
Type  H <return>  for immediate help.
 ...                                              
                                                  
l.1194 \includegraphics[scale=0.35]{beispiel24}
                                               
I could not locate the file with any of these extensions:
.pdf,.png,.jpg,.mps,.jpeg,.jbig2,.jb2,.PDF,.PNG,.JPG,.JPEG,.JBIG2,.JB2,.eps
Try typing  <return>  to proceed.
If that doesn't work, type  X <return>  to quit.

[21]

LaTeX Warning: Reference `vorangegangene und zuk√ºnftige Ereignisse' on page 22 undefined on input line 1240.


LaTeX Warning: Reference `vorangegangene und zuk√ºnftige Ereignisse' on page 22 undefined on input line 1248.


LaTeX Warning: Reference `starke Markoveigenschaft' on page 22 undefined on input line 1299.


LaTeX Warning: Reference `starke Markoveigenschaft' on page 22 undefined on input line 1303.

[22] [23]
1: subsection

Overfull \hbox (0.3184pt too wide) in paragraph at lines 1346--1347
[]\T1/lmr/m/n/12 F¸r $\OML/lmm/m/it/12 x \OMS/lmsy/m/n/12 2 \OML/lmm/m/it/12 E$ \T1/lmr/m/n/12 sei $\OML/lmm/m/it/12 V[] \OT1/lmr/m/n/12 := [][] \U/bbm/m/n/12 1[]$ \T1/lmr/m/n/12 die Ge-samt-zahl der Be-su-che von $\OT1/lmr/m/n/12 (\OML/lmm/m/it/12 X[]\OT1/lmr/m/n/12 )[]$
 []


LaTeX Warning: Reference `Anzahl Besuche' on page 24 undefined on input line 1351.


Underfull \hbox (badness 10000) in paragraph at lines 1348--1352

 []


Underfull \hbox (badness 10000) in paragraph at lines 1354--1359

 []


LaTeX Warning: Reference `Anzahl Besuche' on page 24 undefined on input line 1368.


Underfull \hbox (badness 10000) in paragraph at lines 1364--1369

 []

[24]

LaTeX Warning: Reference `Anzahl Besuche' on page 25 undefined on input line 1376.


Underfull \hbox (badness 10000) in paragraph at lines 1373--1377

 []


LaTeX Warning: Reference `Anzahl Besuche' on page 25 undefined on input line 1386.


Underfull \hbox (badness 10000) in paragraph at lines 1379--1387

 []


Underfull \hbox (badness 10000) in paragraph at lines 1379--1387

 []

1: subsection

LaTeX Warning: Reference `alternative Chrakterisierung von rekurrent/transient' on page 25 undefined on input line 1414.


LaTeX Warning: Reference `vorangegangene und zuk√ºnftige Ereignisse' on page 25 undefined on input line 1425.

[25]

./Markovketten-Skript.tex:1439: LaTeX Error: File `Beispiel_Kartenhausprozess' not found.

See the LaTeX manual or LaTeX Companion for explanation.
Type  H <return>  for immediate help.
 ...                                              
                                                  
l.1439 ...s[scale=0.5]{Beispiel_Kartenhausprozess}
                                                  
I could not locate the file with any of these extensions:
.pdf,.png,.jpg,.mps,.jpeg,.jbig2,.jb2,.PDF,.PNG,.JPG,.JPEG,.JBIG2,.JB2,.eps
Try typing  <return>  to proceed.
If that doesn't work, type  X <return>  to quit.


Underfull \hbox (badness 10000) in paragraph at lines 1442--1447

 []


Underfull \hbox (badness 10000) in paragraph at lines 1465--1473

 []


Underfull \hbox (badness 10000) in paragraph at lines 1465--1473

 []


Overfull \hbox (53.30362pt too wide) detected at line 1475
[]\OT1/lmr/m/n/12 (1 \OMS/lmsy/m/n/12 ^^@ \OML/lmm/m/it/12 p[]\OT1/lmr/m/n/12 ) [] (1 \OMS/lmsy/m/n/12 ^^@ [] \OML/lmm/m/it/12 p[]\OT1/lmr/m/n/12 )(1 \OMS/lmsy/m/n/12 ^^@ \OML/lmm/m/it/12 p[]\OT1/lmr/m/n/12 ) = 1 \OMS/lmsy/m/n/12 ^^@ \OML/lmm/m/it/12 p[] \OMS/lmsy/m/n/12 ^^@ \OT1/lmr/m/n/12 ([]) \OMS/lmsy/m/n/12 ^^A [] \OML/lmm/m/it/12 p[] \OMS/lmsy/m/n/12 ^^U \OT1/lmr/m/n/12 1 \OMS/lmsy/m/n/12 ^^@ [] \OML/lmm/m/it/12 p[]
 []

[26]

./Markovketten-Skript.tex:1488: LaTeX Error: File `Beispiel_Einfache_Irrfahrt_auf_Z' not found.

See the LaTeX manual or LaTeX Companion for explanation.
Type  H <return>  for immediate help.
 ...                                              
                                                  
l.1488 ...e=0.4]{Beispiel_Einfache_Irrfahrt_auf_Z}
                                                  
I could not locate the file with any of these extensions:
.pdf,.png,.jpg,.mps,.jpeg,.jbig2,.jb2,.PDF,.PNG,.JPG,.JPEG,.JBIG2,.JB2,.eps
Try typing  <return>  to proceed.
If that doesn't work, type  X <return>  to quit.


LaTeX Warning: Reference `alternative Chrakterisierung von rekurrent/transient' on page 27 undefined on input line 1506.


Underfull \hbox (badness 10000) in paragraph at lines 1505--1512

 []


LaTeX Warning: Reference `alternative Chrakterisierung von rekurrent/transient' on page 27 undefined on input line 1515.


Overfull \hbox (24.32031pt too wide) detected at line 1521
\OML/lmm/m/it/12 p[]\OT1/lmr/m/n/12 (0\OML/lmm/m/it/12 ; \OT1/lmr/m/n/12 0) = 4[] [] [] = 4[][] [] = ([])[] \OMS/lmsy/m/n/12 ^^X []
 []

[27]

LaTeX Warning: Reference `nullrekurrent und limes' on page 28 undefined on input line 1549.

[28]
Underfull \hbox (badness 10000) in paragraph at lines 1606--1617

 []


Underfull \hbox (badness 10000) in paragraph at lines 1606--1617

 []


Underfull \hbox (badness 10000) in paragraph at lines 1606--1617

 []


LaTeX Warning: Reference `Bemerkung zu Teilern' on page 29 undefined on input line 1630.


Underfull \hbox (badness 10000) in paragraph at lines 1623--1631

 []


Underfull \hbox (badness 10000) in paragraph at lines 1623--1631

 []


LaTeX Warning: Command \" invalid in math mode on input line 1632.


Underfull \hbox (badness 10000) in paragraph at lines 1637--1649

 []


Underfull \hbox (badness 10000) in paragraph at lines 1637--1649

 []


Underfull \hbox (badness 10000) in paragraph at lines 1637--1649

 []


Underfull \hbox (badness 10000) in paragraph at lines 1637--1649

 []

[29]

LaTeX Warning: Reference `Chapman-Kolmogorov Gleichung' on page 30 undefined on input line 1675.


LaTeX Warning: Reference `Teiler als Linearkombi' on page 30 undefined on input line 1681.

[30]

./Markovketten-Skript.tex:1719: LaTeX Error: File `Beispiel_Kommunizierende_Klasse' not found.

See the LaTeX manual or LaTeX Companion for explanation.
Type  H <return>  for immediate help.
 ...                                              
                                                  
l.1719 ...le=0.4]{Beispiel_Kommunizierende_Klasse}
                                                  
I could not locate the file with any of these extensions:
.pdf,.png,.jpg,.mps,.jpeg,.jbig2,.jb2,.PDF,.PNG,.JPG,.JPEG,.JBIG2,.JB2,.eps
Try typing  <return>  to proceed.
If that doesn't work, type  X <return>  to quit.


Underfull \hbox (badness 10000) in paragraph at lines 1741--1745

 []


LaTeX Warning: Reference `alternative Chrakterisierung von rekurrent/transient' on page 31 undefined on input line 1750.


LaTeX Warning: Command \" invalid in math mode on input line 1750.


LaTeX Warning: Reference `vorangegangene und zuk√ºnftige Ereignisse' on page 31 undefined on input line 1759.

[31]
Underfull \hbox (badness 10000) in paragraph at lines 1779--1784

 []


LaTeX Warning: Reference `alternative Chrakterisierung von rekurrent/transient' on page 32 undefined on input line 1789.


LaTeX Warning: Reference `rekkurent und x -> y so gilt y -> x und y rekurrent' on page 32 undefined on input line 1796.


Underfull \hbox (badness 10000) in paragraph at lines 1815--1819

 []

[32]
Underfull \hbox (badness 10000) in paragraph at lines 1829--1834

 []


LaTeX Warning: Reference `alternative Chrakterisierung von rekurrent/transient' on page 33 undefined on input line 1837.


Underfull \hbox (badness 10000) in paragraph at lines 1840--1847

 []


LaTeX Warning: Reference `nullrekurrent und limes' on page 33 undefined on input line 1850.


LaTeX Warning: Reference `nullrekurrent und limes' on page 33 undefined on input line 1854.

[33]

LaTeX Warning: Reference `alternative Chrakterisierung von rekurrent/transient' on page 34 undefined on input line 1874.


LaTeX Warning: Reference `rekkurent und x -> y so gilt y -> x und y rekurrent' on page 34 undefined on input line 1874.


LaTeX Warning: Reference `x und y selbe Periode, x transient y auch x nullrekurrent y auch' on page 34 undefined on input line 1874.


LaTeX Warning: Reference `nullrekurrent und limes' on page 34 undefined on input line 1874.


Underfull \hbox (badness 10000) in paragraph at lines 1880--1882

 []


LaTeX Warning: Reference `rekkurent und x -> y so gilt y -> x und y rekurrent' on page 34 undefined on input line 1891.


LaTeX Warning: Reference `x und y selbe Periode, x transient y auch x nullrekurrent y auch' on page 34 undefined on input line 1891.


Overfull \hbox (30.59682pt too wide) detected at line 1909
\OT1/lmr/m/n/12 = [] \U/msb/m/n/12 P[]\OT1/lmr/m/n/12 [\OML/lmm/m/it/12 S[] \OT1/lmr/m/n/12 = \OML/lmm/m/it/12 k\OT1/lmr/m/n/12 ]\U/msb/m/n/12 P[]\OT1/lmr/m/n/12 [\OML/lmm/m/it/12 X[] \OT1/lmr/m/n/12 = \OML/lmm/m/it/12 x \OMS/lmsy/m/n/12 j \OML/lmm/m/it/12 X[] \OT1/lmr/m/n/12 = \OML/lmm/m/it/12 y; S[] \OT1/lmr/m/n/12 = \OML/lmm/m/it/12 k\OT1/lmr/m/n/12 ] + [] \U/msb/m/n/12 P[]\OT1/lmr/m/n/12 [\OML/lmm/m/it/12 X[] \OT1/lmr/m/n/12 = \OML/lmm/m/it/12 x\OT1/lmr/m/n/12 ]\U/msb/m/n/12 P[]\OT1/lmr/m/n/12 [\OML/lmm/m/it/12 S[] \OT1/lmr/m/n/12 = \OML/lmm/m/it/12 k \OMS/lmsy/m/n/12 j \OML/lmm/m/it/12 X[] \OT1/lmr/m/n/12 = \OML/lmm/m/it/12 x\OT1/lmr/m/n/12 ]
 []

[34]
Overfull \hbox (10.06685pt too wide) detected at line 1934
\OML/lmm/m/it/12 p[]\OT1/lmr/m/n/12 (\OML/lmm/m/it/12 y; x\OT1/lmr/m/n/12 ) = \U/msb/m/n/12 P[]\OT1/lmr/m/n/12 [\OML/lmm/m/it/12 S[] < \OMS/lmsy/m/n/12 1\OML/lmm/m/it/12 ; X[] \OT1/lmr/m/n/12 = \OML/lmm/m/it/12 x\OT1/lmr/m/n/12 ] = \OML/lmm/m/it/12 p[]\OT1/lmr/m/n/12 (\OML/lmm/m/it/12 y; x\OT1/lmr/m/n/12 ) \OMS/lmsy/m/n/12 ^^A \U/msb/m/n/12 P[]\OT1/lmr/m/n/12 [\OML/lmm/m/it/12 S[] < \OMS/lmsy/m/n/12 1\OT1/lmr/m/n/12 ]  \OMS/lmsy/m/n/12 ,  \U/msb/m/n/12 P[]\OT1/lmr/m/n/12 [\OML/lmm/m/it/12 S[] < \OMS/lmsy/m/n/12 1\OT1/lmr/m/n/12 ] = 1
 []


Overfull \hbox (10.06642pt too wide) detected at line 1938
\OML/lmm/m/it/12 p[]\OT1/lmr/m/n/12 (\OML/lmm/m/it/12 y; x\OT1/lmr/m/n/12 ) \OML/lmm/m/it/12 > \U/msb/m/n/12 P[]\OT1/lmr/m/n/12 [\OML/lmm/m/it/12 S[] < \OMS/lmsy/m/n/12 1\OML/lmm/m/it/12 ; X[] \OT1/lmr/m/n/12 = \OML/lmm/m/it/12 x\OT1/lmr/m/n/12 ] = \OML/lmm/m/it/12 p[]\OT1/lmr/m/n/12 (\OML/lmm/m/it/12 y; x\OT1/lmr/m/n/12 ) \OMS/lmsy/m/n/12 ^^A \U/msb/m/n/12 P[]\OT1/lmr/m/n/12 [\OML/lmm/m/it/12 S[] < \OMS/lmsy/m/n/12 1\OT1/lmr/m/n/12 ]  \OMS/lmsy/m/n/12 ,  \U/msb/m/n/12 P[]\OT1/lmr/m/n/12 [\OML/lmm/m/it/12 S[] < \OMS/lmsy/m/n/12 1\OT1/lmr/m/n/12 ] \OML/lmm/m/it/12 < \OT1/lmr/m/n/12 1
 []


LaTeX Warning: Reference `alternative Chrakterisierung von rekurrent/transient' on page 35 undefined on input line 1960.

[35]
Overfull \hbox (17.78961pt too wide) detected at line 1980
\OT1/lmr/m/n/12 = \U/msb/m/n/12 P[]\OT1/lmr/m/n/12 [\OML/lmm/m/it/12 X[] \OT1/lmr/m/n/12 = \OML/lmm/m/it/12 y; T \OMS/lmsy/m/n/12 ^^T \OML/lmm/m/it/12 n \OMS/lmsy/m/n/12 ^^@ \OT1/lmr/m/n/12 1] + [] \U/msb/m/n/12 P[]\OT1/lmr/m/n/12 [\OML/lmm/m/it/12 X[] \OT1/lmr/m/n/12 = \OML/lmm/m/it/12 z; T > n \OMS/lmsy/m/n/12 ^^@ \OT1/lmr/m/n/12 1]\U/msb/m/n/12 P[]\OT1/lmr/m/n/12 [\OML/lmm/m/it/12 X[] \OT1/lmr/m/n/12 = \OML/lmm/m/it/12 y \OMS/lmsy/m/n/12 j  []\OML/lmm/m/it/12 ; X[] \OT1/lmr/m/n/12 = \OML/lmm/m/it/12 z\OT1/lmr/m/n/12 ]
 []


Overfull \hbox (19.61447pt too wide) detected at line 2027
\OT1/lmr/m/n/12 0 \OML/lmm/m/it/12 < \U/msb/m/n/12 P[]\OT1/lmr/m/n/12 [\OML/lmm/m/it/12 S[] \OT1/lmr/m/n/12 = \OMS/lmsy/m/n/12 1\OT1/lmr/m/n/12 ] = \U/msb/m/n/12 P[]\OT1/lmr/m/n/12 [\OML/lmm/m/it/12 S[] \OMS/lmsy/m/n/12 ^^U \OML/lmm/m/it/12 S[]; S[] \OT1/lmr/m/n/12 = \OMS/lmsy/m/n/12 1\OT1/lmr/m/n/12 ] \OMS/lmsy/m/n/12 ^^T \U/msb/m/n/12 P[]\OT1/lmr/m/n/12 [\OML/lmm/m/it/12 S[] \OT1/lmr/m/n/12 = \OMS/lmsy/m/n/12 1\OT1/lmr/m/n/12 ]  \OMS/lmsy/m/n/12 ,  \U/msb/m/n/12 P[]\OT1/lmr/m/n/12 [\OML/lmm/m/it/12 S[] < \OMS/lmsy/m/n/12 1\OT1/lmr/m/n/12 ] \OML/lmm/m/it/12 < \OT1/lmr/m/n/12 1
 []


LaTeX Warning: Reference `x und y selbe Periode, x transient y auch x nullrekurrent y auch' on page 36 undefined on input line 2028.

[36]

LaTeX Warning: Reference `starke Markoveigenschaft' on page 37 undefined on input line 2041.


Overfull \hbox (16.09087pt too wide) detected at line 2070
[] \U/msb/m/n/12 P[]\OT1/lmr/m/n/12 [\OML/lmm/m/it/12 S[] < S[] \OMS/lmsy/m/n/12 j \OML/lmm/m/it/12 S[] < S[]; X[] \OT1/lmr/m/n/12 = \OML/lmm/m/it/12 z\OT1/lmr/m/n/12 ]\U/msb/m/n/12 P[]\OT1/lmr/m/n/12 [\OML/lmm/m/it/12 S[] < S[]; X[] \OT1/lmr/m/n/12 = \OML/lmm/m/it/12 z\OT1/lmr/m/n/12 ]
 []


LaTeX Warning: Reference `starke Markoveigenschaft' on page 37 undefined on input line 2072.

[37]

LaTeX Warning: Reference `irreduzibel, y rekurrent -> Px=1 , y transient -> Px<1 ' on page 38 undefined on input line 2092.


LaTeX Warning: Reference `rekkurent und x -> y so gilt y -> x und y rekurrent' on page 38 undefined on input line 2096.


LaTeX Warning: Command \" invalid in math mode on input line 2105.


LaTeX Warning: Reference `Dynkin-Formel' on page 38 undefined on input line 2122.


LaTeX Warning: Reference `Px[SA < unendlich] < 1, so y transient' on page 38 undefined on input line 2134.


Underfull \hbox (badness 10000) in paragraph at lines 2135--2139

 []

[38]
Overfull \hbox (76.17117pt too wide) detected at line 2156
\OT1/lmr/m/n/12 = [] \U/msb/m/n/12 P[]\OT1/lmr/m/n/12 [\OML/lmm/m/it/12 S[] > kN \OMS/lmsy/m/n/12 j \OML/lmm/m/it/12 S[] > \OT1/lmr/m/n/12 (\OML/lmm/m/it/12 k \OMS/lmsy/m/n/12 ^^@ \OT1/lmr/m/n/12 1)\OML/lmm/m/it/12 N; X[] \OT1/lmr/m/n/12 = \OML/lmm/m/it/12 y\OT1/lmr/m/n/12 ]\U/msb/m/n/12 P[]\OT1/lmr/m/n/12 [\OML/lmm/m/it/12 S[] > \OT1/lmr/m/n/12 (\OML/lmm/m/it/12 k \OMS/lmsy/m/n/12 ^^@ \OT1/lmr/m/n/12 1)\OML/lmm/m/it/12 N; X[] \OT1/lmr/m/n/12 = \OML/lmm/m/it/12 y\OT1/lmr/m/n/12 ]
 []


LaTeX Warning: Reference `vorangegangene und zuk√ºnftige Ereignisse' on page 39 undefined on input line 2158.


Overfull \hbox (14.4126pt too wide) detected at line 2168
\U/msb/m/n/12 P[]\OT1/lmr/m/n/12 [\OML/lmm/m/it/12 S[] \OT1/lmr/m/n/12 = \OMS/lmsy/m/n/12 1\OT1/lmr/m/n/12 ] = [] \U/msb/m/n/12 P[]\OT1/lmr/m/n/12 [\OML/lmm/m/it/12 S[] \OT1/lmr/m/n/12 = \OML/lmm/m/it/12 kN\OT1/lmr/m/n/12 ] \OMS/lmsy/m/n/12 ^^T []\OT1/lmr/m/n/12 (1 \OMS/lmsy/m/n/12 ^^@ \OML/lmm/m/it/12 ^^O\OT1/lmr/m/n/12 )[] = 0 \OMS/lmsy/m/n/12 8\OML/lmm/m/it/12 x \OMS/lmsy/m/n/12 2 []
 []


LaTeX Warning: Reference `Dynkin-Formel' on page 39 undefined on input line 2172.


Underfull \hbox (badness 10000) in paragraph at lines 2168--2173

 []


LaTeX Warning: Reference `Px[SA < unendlich] < 1, so y transient' on page 39 undefined on input line 2190.


./Markovketten-Skript.tex:2196: LaTeX Error: File `einfache Irrfahrt auf Z' not found.

See the LaTeX manual or LaTeX Companion for explanation.
Type  H <return>  for immediate help.
 ...                                              
                                                  
l.2196 ...hics[scale=0.5]{einfache Irrfahrt auf Z}
                                                  
I could not locate the file with any of these extensions:
.pdf,.png,.jpg,.mps,.jpeg,.jbig2,.jb2,.PDF,.PNG,.JPG,.JPEG,.JBIG2,.JB2,.eps
Try typing  <return>  to proceed.
If that doesn't work, type  X <return>  to quit.

[39]

LaTeX Warning: Reference `Folgerung Dynkin Formel, (LR), (LT)' on page 40 undefined on input line 2217.


LaTeX Warning: Reference `Folgerung Dynkin Formel, (LR), (LT)' on page 40 undefined on input line 2232.

[40]

LaTeX Warning: Command \" invalid in math mode on input line 2263.


LaTeX Warning: Reference `Folgerung Dynkin Formel, (LR), (LT)' on page 41 undefined on input line 2265.


Overfull \hbox (29.08987pt too wide) detected at line 2293
\OT1/lmr/m/n/12 (2\OML/lmm/m/it/12 ^^Y\OT1/lmr/m/n/12 )[] [][] \OML/lmm/m/it/12 e[][][] []  \OT1/lmr/m/n/12 d\OML/lmm/m/it/12 t \OT1/lmr/m/n/12 = [] [] [] = \OML/lmm/m/it/12 p[]\OT1/lmr/m/n/12 (0\OML/lmm/m/it/12 ; x\OT1/lmr/m/n/12 )
 []

[41]

LaTeX Warning: Reference `alternative Chrakterisierung von rekurrent/transient' on page 42 undefined on input line 2308.


LaTeX Warning: Reference `rekkurent und x -> y so gilt y -> x und y rekurrent' on page 42 undefined on input line 2308.


LaTeX Warning: Reference `Chung-Fuchs' on page 42 undefined on input line 2329.


LaTeX Warning: Reference `rekkurent und x -> y so gilt y -> x und y rekurrent' on page 42 undefined on input line 2329.


LaTeX Warning: Reference `Chung-Fuchs' on page 42 undefined on input line 2352.

[42]
Overfull \hbox (2.50232pt too wide) in paragraph at lines 2357--2358
[]\T1/lmr/bx/n/12 Definition 3.1 \T1/lmr/m/n/12 (in-va-ri-an-tes Maˇ, Gleich-ge-wichts-ver-tei-lung)\T1/lmr/bx/n/12 . []\T1/lmr/m/n/12 Sei $\OML/lmm/m/it/12 P \OT1/lmr/m/n/12 = (\OML/lmm/m/it/12 p\OT1/lmr/m/n/12 (\OML/lmm/m/it/12 x; y\OT1/lmr/m/n/12 ))[]$
 []

1: subsection

Overfull \hbox (37.80606pt too wide) detected at line 2395
\U/msb/m/n/12 P[]\OT1/lmr/m/n/12 [\OML/lmm/m/it/12 X[] \OT1/lmr/m/n/12 = \OML/lmm/m/it/12 x[]; :::; X[] \OT1/lmr/m/n/12 = \OML/lmm/m/it/12 x[]\OT1/lmr/m/n/12 ] = [] \U/msb/m/n/12 P[]\OT1/lmr/m/n/12 [\OML/lmm/m/it/12 X[] \OT1/lmr/m/n/12 = \OML/lmm/m/it/12 y\OT1/lmr/m/n/12 ]\U/msb/m/n/12 P[]\OT1/lmr/m/n/12 [\OML/lmm/m/it/12 X[] \OT1/lmr/m/n/12 = \OML/lmm/m/it/12 x[]; :::; X[] \OT1/lmr/m/n/12 = \OML/lmm/m/it/12 x[] \OMS/lmsy/m/n/12 j \OML/lmm/m/it/12 X[] \OT1/lmr/m/n/12 = \OML/lmm/m/it/12 y\OT1/lmr/m/n/12 ]
 []

[43]

LaTeX Warning: Reference `vorangegangene und zuk√ºnftige Ereignisse' on page 44 undefined on input line 2397.

1: subsection
[44]
Overfull \hbox (0.57819pt too wide) detected at line 2486
\OT1/lmr/m/n/12 (\OML/lmm/m/it/12 ^^Y[][]\OT1/lmr/m/n/12 )(\OML/lmm/m/it/12 x\OT1/lmr/m/n/12 ) = [] \OML/lmm/m/it/12 ^^Y[]\OT1/lmr/m/n/12 (\OML/lmm/m/it/12 y\OT1/lmr/m/n/12 )[](\OML/lmm/m/it/12 y; x\OT1/lmr/m/n/12 ) [] [] 2[] [] \OML/lmm/m/it/12 ^^Y[]p\OT1/lmr/m/n/12 (\OML/lmm/m/it/12 y; x\OT1/lmr/m/n/12 ) = \OML/lmm/m/it/12 ^^Y[]\OT1/lmr/m/n/12 (\OML/lmm/m/it/12 x\OT1/lmr/m/n/12 ) [] 2[] = \OML/lmm/m/it/12 ^^Y[]\OT1/lmr/m/n/12 (\OML/lmm/m/it/12 x\OT1/lmr/m/n/12 )
 []


LaTeX Warning: Reference `transienter Zustand dann lim n -> unendl. pn(x,y) = 0' on page 45 undefined on input line 2505.

[45]

LaTeX Warning: Reference `doppelt stochastische √úbergangsmatrizen' on page 46 undefined on input line 2535.


Overfull \hbox (4.38942pt too wide) detected at line 2538
[] \OML/lmm/m/it/12 ^^Y\OT1/lmr/m/n/12 (\OML/lmm/m/it/12 y\OT1/lmr/m/n/12 )\OML/lmm/m/it/12 p\OT1/lmr/m/n/12 (\OML/lmm/m/it/12 y; x\OT1/lmr/m/n/12 ) = \OML/lmm/m/it/12 ^^Y\OT1/lmr/m/n/12 (\OML/lmm/m/it/12 x \OMS/lmsy/m/n/12 ^^@ \OT1/lmr/m/n/12 1)\OML/lmm/m/it/12 p\OT1/lmr/m/n/12 (\OML/lmm/m/it/12 x \OMS/lmsy/m/n/12 ^^@ \OT1/lmr/m/n/12 1\OML/lmm/m/it/12 ; x\OT1/lmr/m/n/12 ) + \OML/lmm/m/it/12 ^^Y\OT1/lmr/m/n/12 (\OML/lmm/m/it/12 x \OT1/lmr/m/n/12 + 1)\OML/lmm/m/it/12 p\OT1/lmr/m/n/12 (\OML/lmm/m/it/12 x \OT1/lmr/m/n/12 + 1\OML/lmm/m/it/12 ; x\OT1/lmr/m/n/12 ) = [][](1 \OMS/lmsy/m/n/12 ^^@ \OML/lmm/m/it/12 p \OT1/lmr/m/n/12 + \OML/lmm/m/it/12 p\OT1/lmr/m/n/12 ) = \OML/lmm/m/it/12 ^^Y\OT1/lmr/m/n/12 (\OML/lmm/m/it/12 x\OT1/lmr/m/n/12 )
 []


LaTeX Warning: Reference `Auflistende Bemerkung zu invarianten Ma√üen' on page 46 undefined on input line 2548.


LaTeX Warning: Reference `Besitzen Markovketten die Markoveigenschaft' on page 46 undefined on input line 2552.


Underfull \hbox (badness 10000) in paragraph at lines 2551--2556

 []

[46]

LaTeX Warning: Reference `vorangegangene und zuk√ºnftige Ereignisse' on page 47 undefined on input line 2567.


LaTeX Warning: Reference `"Satz 1.8"' on page 47 undefined on input line 2570.


LaTeX Warning: Reference `Besitzen Markovketten die Markoveigenschaft' on page 47 undefined on input line 2573.


LaTeX Warning: Reference `Besitzen Markovketten die Markoveigenschaft' on page 47 undefined on input line 2578.


./Markovketten-Skript.tex:2610: LaTeX Error: File `Ehrenfests Urnenmodell' not found.

See the LaTeX manual or LaTeX Companion for explanation.
Type  H <return>  for immediate help.
 ...                                              
                                                  
l.2610 ...hics[scale=0.75]{Ehrenfests Urnenmodell}
                                                  
I could not locate the file with any of these extensions:
.pdf,.png,.jpg,.mps,.jpeg,.jbig2,.jb2,.PDF,.PNG,.JPG,.JPEG,.JBIG2,.JB2,.eps
Try typing  <return>  to proceed.
If that doesn't work, type  X <return>  to quit.

[47]

LaTeX Warning: Reference `Auflistende Bemerkung zu invarianten Ma√üen' on page 48 undefined on input line 2635.


Underfull \hbox (badness 10000) in paragraph at lines 2635--2642

 []


Underfull \hbox (badness 10000) in paragraph at lines 2635--2642

 []


Underfull \hbox (badness 10000) in paragraph at lines 2644--2652

 []


Underfull \hbox (badness 10000) in paragraph at lines 2644--2652

 []


Underfull \hbox (badness 10000) in paragraph at lines 2662--2669

 []


Underfull \hbox (badness 10000) in paragraph at lines 2662--2669

 []

[48]
Underfull \hbox (badness 10000) in paragraph at lines 2679--2687

 []


Underfull \hbox (badness 10000) in paragraph at lines 2679--2687

 []


./Markovketten-Skript.tex:2699: LaTeX Error: File `Geburts- und Todesprozess' not found.

See the LaTeX manual or LaTeX Companion for explanation.
Type  H <return>  for immediate help.
 ...                                              
                                                  
l.2699 ...s[scale=0.34]{Geburts- und Todesprozess}
                                                  
I could not locate the file with any of these extensions:
.pdf,.png,.jpg,.mps,.jpeg,.jbig2,.jb2,.PDF,.PNG,.JPG,.JPEG,.JBIG2,.JB2,.eps
Try typing  <return>  to proceed.
If that doesn't work, type  X <return>  to quit.

[49]

LaTeX Warning: Reference `irreduzibel, y rekurrent -> Px=1 , y transient -> Px<1 ' on page 50 undefined on input line 2739.


LaTeX Warning: Reference `starke Markoveigenschaft' on page 50 undefined on input line 2747.


LaTeX Warning: Reference `starke Markoveigenschaft' on page 50 undefined on input line 2755.


Underfull \hbox (badness 10000) in paragraph at lines 2756--2758

 []


Underfull \hbox (badness 10000) in paragraph at lines 2760--2762

 []

[50]
Underfull \hbox (badness 10000) in paragraph at lines 2772--2777

 []


Overfull \hbox (26.369pt too wide) detected at line 2786
\OT1/lmr/m/n/12 = \U/msb/m/n/12 P[]\OT1/lmr/m/n/12 [\OML/lmm/m/it/12 S[] < S[] \OMS/lmsy/m/n/12 ^ \OML/lmm/m/it/12 N\OT1/lmr/m/n/12 ]\U/msb/m/n/12 P[]\OT1/lmr/m/n/12 [\OML/lmm/m/it/12 X[] \OT1/lmr/m/n/12 = \OML/lmm/m/it/12 y; n < S[] \OMS/lmsy/m/n/12 ^ \OML/lmm/m/it/12 N \OMS/lmsy/m/n/12 ^^@ \OML/lmm/m/it/12 S[] \OMS/lmsy/m/n/12 j \OML/lmm/m/it/12 X[] \OT1/lmr/m/n/12 = \OML/lmm/m/it/12 y; S[] < S[] \OMS/lmsy/m/n/12 ^ \OML/lmm/m/it/12 N\OT1/lmr/m/n/12 ]
 []


LaTeX Warning: Reference `starke Markoveigenschaft' on page 51 undefined on input line 2788.

[51]

LaTeX Warning: Reference `vorangegangene und zuk√ºnftige Ereignisse' on page 52 undefined on input line 2844.


Underfull \hbox (badness 10000) in paragraph at lines 2855--2862

 []


Underfull \hbox (badness 10000) in paragraph at lines 2855--2862

 []

[52]
Underfull \hbox (badness 10000) in paragraph at lines 2864--2869

 []


Underfull \hbox (badness 10000) in paragraph at lines 2864--2869

 []


LaTeX Warning: Reference `vorangegangene und zuk√ºnftige Ereignisse' on page 53 undefined on input line 2883.


Underfull \hbox (badness 10000) in paragraph at lines 2897--2903

 []

[53]

LaTeX Warning: Reference `aufz√§hlungen existenz von invarianten Ma√üen' on page 54 undefined on input line 2915.


LaTeX Warning: Reference `aufz√§hlungen existenz von invarianten Ma√üen' on page 54 undefined on input line 2925.


LaTeX Warning: Reference `aufz√§hlungen existenz von invarianten Ma√üen' on page 54 undefined on input line 2933.


LaTeX Warning: Reference `Einfache, asymmetrische Irrfahrt auf Z' on page 54 undefined on input line 2939.


LaTeX Warning: Reference `Auflistende Bemerkung zu invarianten Ma√üen' on page 54 undefined on input line 2953.


LaTeX Warning: Reference `Bemerkung 16' on page 54 undefined on input line 2957.

[54]

LaTeX Warning: Reference `aufz√§hlungen existenz von invarianten Ma√üen' on page 55 undefined on input line 2967.


LaTeX Warning: Reference `h√∂chstens eine Gleichverteilung' on page 55 undefined on input line 2969.


LaTeX Warning: Reference `irr. Markovkette x positiv rekurrent' on page 55 undefined on input line 2975.


LaTeX Warning: Reference `Satz 3.6' on page 55 undefined on input line 2975.


./Markovketten-Skript.tex:2981: LaTeX Error: File `Beispiel 33' not found.

See the LaTeX manual or LaTeX Companion for explanation.
Type  H <return>  for immediate help.
 ...                                              
                                                  
l.2981 \includegraphics[scale=0.55]{Beispiel 33}
                                                
I could not locate the file with any of these extensions:
.pdf,.png,.jpg,.mps,.jpeg,.jbig2,.jb2,.PDF,.PNG,.JPG,.JPEG,.JBIG2,.JB2,.eps
Try typing  <return>  to proceed.
If that doesn't work, type  X <return>  to quit.


Overfull \hbox (21.84189pt too wide) in paragraph at lines 2978--2983
[]\T1/lmr/bx/n/12 Beispiel 3.8. []\T1/lmr/m/n/12 Be-trach-te ei-ne Mar-kov-ket-te $\OT1/lmr/m/n/12 (\OML/lmm/m/it/12 X[]\OT1/lmr/m/n/12 )[]$ \T1/lmr/m/n/12 mit Zu-stands-raum $\OML/lmm/m/it/12 E \OT1/lmr/m/n/12 = \OMS/lmsy/m/n/12 f\OT1/lmr/m/n/12 0\OML/lmm/m/it/12 ; \OT1/lmr/m/n/12 1\OML/lmm/m/it/12 ; \OT1/lmr/m/n/12 2\OML/lmm/m/it/12 ; \OT1/lmr/m/n/12 3\OMS/lmsy/m/n/12 g$\T1/lmr/m/n/12 ,
 []

[55]
1: subsection

Overfull \hbox (37.2272pt too wide) in paragraph at lines 3016--3017
[]\T1/lmr/bx/n/12 Definition 4.1 \T1/lmr/m/n/12 (Kopp-lung von Mar-kov-ket-ten)\T1/lmr/bx/n/12 . []\T1/lmr/m/n/12 Ei-ne bi-va-ria-te Mar-kov-ket-te $\OT1/lmr/m/n/12 ((\OML/lmm/m/it/12 X[]; Y[]\OT1/lmr/m/n/12 ))[]$
 []


./Markovketten-Skript.tex:3059: LaTeX Error: File `unabh√§ngiges Verschmelzen' not found.

See the LaTeX manual or LaTeX Companion for explanation.
Type  H <return>  for immediate help.
 ...                                              
                                                  
l.3059 ...[scale=0.65]{unabh√§ngiges Verschmelzen}
                                                  
I could not locate the file with any of these extensions:
.pdf,.png,.jpg,.mps,.jpeg,.jbig2,.jb2,.PDF,.PNG,.JPG,.JPEG,.JBIG2,.JB2,.eps
Try typing  <return>  to proceed.
If that doesn't work, type  X <return>  to quit.

1: subsection
[56]

LaTeX Warning: Reference `BSP unabh√§ngige Kopplung' on page 57 undefined on input line 3105.


LaTeX Warning: Reference `x und y selbe Periode, x transient y auch x nullrekurrent y auch' on page 57 undefined on input line 3105.


LaTeX Warning: Reference `Korollar 2.6' on page 57 undefined on input line 3105.


LaTeX Warning: Reference `vorangegangene und zuk√ºnftige Ereignisse' on page 57 undefined on input line 3123.

[57]

LaTeX Warning: Reference `Satz 3.6' on page 58 undefined on input line 3156.


Overfull \hbox (33.74768pt too wide) detected at line 3159
[]\OT1/lmr/m/n/12 (\OML/lmm/m/it/12 ^^Y \OMS/lmsy/m/n/12 
 \OML/lmm/m/it/12 ^^Y\OT1/lmr/m/n/12 )(\OML/lmm/m/it/12 x; y\OT1/lmr/m/n/12 )[] [] = (\OML/lmm/m/it/12 ^^YP\OT1/lmr/m/n/12 )(\OML/lmm/m/it/12 x[]\OT1/lmr/m/n/12 )(\OML/lmm/m/it/12 ^^YP\OT1/lmr/m/n/12 )(\OML/lmm/m/it/12 y[]\OT1/lmr/m/n/12 ) [] \OML/lmm/m/it/12 ^^Y\OT1/lmr/m/n/12 (\OML/lmm/m/it/12 x[]\OT1/lmr/m/n/12 )\OML/lmm/m/it/12 ^^Y\OT1/lmr/m/n/12 (\OML/lmm/m/it/12 y[]\OT1/lmr/m/n/12 ) = (\OML/lmm/m/it/12 ^^Y \OMS/lmsy/m/n/12 
 \OML/lmm/m/it/12 ^^Y\OT1/lmr/m/n/12 )(\OML/lmm/m/it/12 x[]; y[]\OT1/lmr/m/n/12 )
 []


LaTeX Warning: Reference `Satz 3.6' on page 58 undefined on input line 3160.


LaTeX Warning: Reference `irreduzibel, y rekurrent -> Px=1 , y transient -> Px<1 ' on page 58 undefined on input line 3162.


LaTeX Warning: Reference `Satz 3.6' on page 58 undefined on input line 3182.


LaTeX Warning: Reference `transienter Zustand dann lim n -> unendl. pn(x,y) = 0' on page 58 undefined on input line 3190.


Underfull \hbox (badness 10000) in paragraph at lines 3181--3191

 []


Underfull \hbox (badness 10000) in paragraph at lines 3181--3191

 []


LaTeX Warning: Reference `irreduzibel, y rekurrent -> Px=1 , y transient -> Px<1 ' on page 58 undefined on input line 3199.


Underfull \hbox (badness 10000) in paragraph at lines 3193--3200

 []

[58]

LaTeX Warning: Reference `aufz√§hlungen existenz von invarianten Ma√üen' on page 59 undefined on input line 3215.

[59] (./Markovketten-Skript.aux)

LaTeX Warning: There were undefined references.


LaTeX Warning: Label(s) may have changed. Rerun to get cross-references right.

 ) 
Here is how much of TeX's memory you used:
 11995 strings out of 478994
 233485 string characters out of 5864752
 692443 words of memory out of 5000000
 29263 multiletter control sequences out of 15000+600000
 485258 words of font info for 104 fonts, out of 8000000 for 9000
 1141 hyphenation exceptions out of 8191
 111i,21n,116p,10641b,622s stack positions out of 5000i,500n,10000p,200000b,80000s
 </home/janik/.texlive/texmf-var/fonts/pk/ljfour/public/bbm/bbm8.600pk>{/usr/share/texmf-dist/fonts/enc/dvips/lm/lm-ec.enc}{/usr/share/texmf-dist/fonts/enc/dvips/lm/lm-mathsy.enc} </home/janik/.texlive/texmf-var/fonts/pk/ljfour/public/bbm/bbm12.600pk>{/usr/share/texmf-dist/fonts/enc/dvips/lm/lm-mathex.enc}{/usr/share/texmf-dist/fonts/enc/dvips/lm/lm-mathit.enc}{/usr/share/texmf-dist/fonts/enc/dvips/lm/lm-rm.enc}{/usr/share/texmf-dist/fonts/enc/dvips/lm/lm-ts1.enc}</usr/share/texmf-dist/fonts/type1/public/amsfonts/euler/eufm10.pfb></usr/share/texmf-dist/fonts/type1/public/lm/lmbx12.pfb></usr/share/texmf-dist/fonts/type1/public/lm/lmbx8.pfb></usr/share/texmf-dist/fonts/type1/public/lm/lmbxi10.pfb></usr/share/texmf-dist/fonts/type1/public/lm/lmex10.pfb></usr/share/texmf-dist/fonts/type1/public/lm/lmmi12.pfb></usr/share/texmf-dist/fonts/type1/public/lm/lmmi6.pfb></usr/share/texmf-dist/fonts/type1/public/lm/lmmi8.pfb></usr/share/texmf-dist/fonts/type1/public/lm/lmr10.pfb></usr/share/texmf-dist/fonts/type1/public/lm/lmr12.pfb></usr/share/texmf-dist/fonts/type1/public/lm/lmr17.pfb></usr/share/texmf-dist/fonts/type1/public/lm/lmr6.pfb></usr/share/texmf-dist/fonts/type1/public/lm/lmr8.pfb></usr/share/texmf-dist/fonts/type1/public/lm/lmri12.pfb></usr/share/texmf-dist/fonts/type1/public/lm/lmsy10.pfb></usr/share/texmf-dist/fonts/type1/public/lm/lmsy6.pfb></usr/share/texmf-dist/fonts/type1/public/lm/lmsy8.pfb></usr/share/texmf-dist/fonts/type1/public/amsfonts/symbols/msam10.pfb></usr/share/texmf-dist/fonts/type1/public/amsfonts/symbols/msbm10.pfb></usr/share/texmf-dist/fonts/type1/public/stmaryrd/stmary10.pfb>
Output written on Markovketten-Skript.pdf (59 pages, 498984 bytes).
PDF statistics:
 296 PDF objects out of 1000 (max. 8388607)
 210 compressed objects within 3 object streams
 0 named destinations out of 1000 (max. 500000)
 1 words of extra memory for PDF output out of 10000 (max. 10000000)

